# JRE version: OpenJDK Runtime Environment Temurin-21.0.8+9 (21.0.8+9) (build 21.0.8+9-LTS)
# Java VM: OpenJDK 64-Bit Server VM Temurin-21.0.8+9 (21.0.8+9-LTS, mixed mode, sharing, tiered, compressed oops, compressed class ptrs, parallel gc, windows-amd64)
GC Precious Log:
 CardTable entry size: 512
 CPUs: 20 total, 20 available
 Memory: 32542M
 Large Page Support: Disabled
 NUMA Support: Disabled
 Compressed Oops: Enabled (32-bit)
 Alignments: Space 512K, Generation 512K, Heap 2M
 Heap Min Capacity: 100M
 Heap Initial Capacity: 100M
 Heap Max Capacity: 2G
 Pre-touch: Disabled
 Parallel Workers: 15
Heap:
 PSYoungGen      total 3584K, used 869K [0x00000000d5580000, 0x00000000d5a00000, 0x0000000100000000)
  eden space 2560K, 12% used [0x00000000d5580000,0x00000000d55d1790,0x00000000d5800000)
  from space 1024K, 53% used [0x00000000d5900000,0x00000000d5988000,0x00000000d5a00000)
  to   space 1024K, 0% used [0x00000000d5800000,0x00000000d5800000,0x00000000d5900000)
 ParOldGen       total 1223168K, used 1223125K [0x0000000080000000, 0x00000000caa80000, 0x00000000d5580000)
  object space 1223168K, 99% used [0x0000000080000000,0x00000000caa75748,0x00000000caa80000)
 Metaspace       used 95211K, committed 97024K, reserved 1179648K
  class space    used 10106K, committed 10880K, reserved 1048576K
GC Heap History (20 events):
Event: 5336.515 GC heap before
{Heap before GC invocations=1908 (full 4):
 PSYoungGen      total 4608K, used 4480K [0x00000000d5580000, 0x00000000d5b00000, 0x0000000100000000)
  eden space 4096K, 100% used [0x00000000d5580000,0x00000000d5980000,0x00000000d5980000)
  from space 512K, 75% used [0x00000000d5a80000,0x00000000d5ae0000,0x00000000d5b00000)
  to   space 512K, 0% used [0x00000000d5a00000,0x00000000d5a00000,0x00000000d5a80000)
 ParOldGen       total 1216512K, used 1216485K [0x0000000080000000, 0x00000000ca400000, 0x00000000d5580000)
  object space 1216512K, 99% used [0x0000000080000000,0x00000000ca3f97f0,0x00000000ca400000)
 Metaspace       used 95195K, committed 97024K, reserved 1179648K
  class space    used 10106K, committed 10880K, reserved 1048576K
}
Event: 5336.521 GC heap after
{Heap after GC invocations=1908 (full 4):
 PSYoungGen      total 4608K, used 506K [0x00000000d5580000, 0x00000000d5b80000, 0x0000000100000000)
  eden space 4096K, 0% used [0x00000000d5580000,0x00000000d5580000,0x00000000d5980000)
  from space 512K, 98% used [0x00000000d5a00000,0x00000000d5a7e900,0x00000000d5a80000)
  to   space 1024K, 0% used [0x00000000d5a80000,0x00000000d5a80000,0x00000000d5b80000)
 ParOldGen       total 1217024K, used 1216759K [0x0000000080000000, 0x00000000ca480000, 0x00000000d5580000)
  object space 1217024K, 99% used [0x0000000080000000,0x00000000ca43dc88,0x00000000ca480000)
 Metaspace       used 95195K, committed 97024K, reserved 1179648K
  class space    used 10106K, committed 10880K, reserved 1048576K
}
Event: 5336.526 GC heap before
{Heap before GC invocations=1909 (full 4):
 PSYoungGen      total 4608K, used 4602K [0x00000000d5580000, 0x00000000d5b80000, 0x0000000100000000)
  eden space 4096K, 100% used [0x00000000d5580000,0x00000000d5980000,0x00000000d5980000)
  from space 512K, 98% used [0x00000000d5a00000,0x00000000d5a7e900,0x00000000d5a80000)
  to   space 1024K, 0% used [0x00000000d5a80000,0x00000000d5a80000,0x00000000d5b80000)
 ParOldGen       total 1217024K, used 1216759K [0x0000000080000000, 0x00000000ca480000, 0x00000000d5580000)
  object space 1217024K, 99% used [0x0000000080000000,0x00000000ca43dc88,0x00000000ca480000)
 Metaspace       used 95195K, committed 97024K, reserved 1179648K
  class space    used 10106K, committed 10880K, reserved 1048576K
}
Event: 5336.528 GC heap after
{Heap after GC invocations=1909 (full 4):
 PSYoungGen      total 5120K, used 874K [0x00000000d5580000, 0x00000000d5b80000, 0x0000000100000000)
  eden space 4096K, 0% used [0x00000000d5580000,0x00000000d5580000,0x00000000d5980000)
  from space 1024K, 85% used [0x00000000d5a80000,0x00000000d5b5a910,0x00000000d5b80000)
  to   space 1024K, 0% used [0x00000000d5980000,0x00000000d5980000,0x00000000d5a80000)
 ParOldGen       total 1217536K, used 1217267K [0x0000000080000000, 0x00000000ca500000, 0x00000000d5580000)
  object space 1217536K, 99% used [0x0000000080000000,0x00000000ca4bce98,0x00000000ca500000)
 Metaspace       used 95195K, committed 97024K, reserved 1179648K
  class space    used 10106K, committed 10880K, reserved 1048576K
}
Event: 5338.672 GC heap before
{Heap before GC invocations=1910 (full 4):
 PSYoungGen      total 5120K, used 4970K [0x00000000d5580000, 0x00000000d5b80000, 0x0000000100000000)
  eden space 4096K, 99% used [0x00000000d5580000,0x00000000d597fff8,0x00000000d5980000)
  from space 1024K, 85% used [0x00000000d5a80000,0x00000000d5b5a910,0x00000000d5b80000)
  to   space 1024K, 0% used [0x00000000d5980000,0x00000000d5980000,0x00000000d5a80000)
 ParOldGen       total 1217536K, used 1217267K [0x0000000080000000, 0x00000000ca500000, 0x00000000d5580000)
  object space 1217536K, 99% used [0x0000000080000000,0x00000000ca4bce98,0x00000000ca500000)
 Metaspace       used 95198K, committed 97024K, reserved 1179648K
  class space    used 10106K, committed 10880K, reserved 1048576K
}
Event: 5338.674 GC heap after
{Heap after GC invocations=1910 (full 4):
 PSYoungGen      total 5120K, used 666K [0x00000000d5580000, 0x00000000d5b80000, 0x0000000100000000)
  eden space 4096K, 0% used [0x00000000d5580000,0x00000000d5580000,0x00000000d5980000)
  from space 1024K, 65% used [0x00000000d5980000,0x00000000d5a26900,0x00000000d5a80000)
  to   space 1024K, 0% used [0x00000000d5a80000,0x00000000d5a80000,0x00000000d5b80000)
 ParOldGen       total 1218048K, used 1217675K [0x0000000080000000, 0x00000000ca580000, 0x00000000d5580000)
  object space 1218048K, 99% used [0x0000000080000000,0x00000000ca522e98,0x00000000ca580000)
 Metaspace       used 95198K, committed 97024K, reserved 1179648K
  class space    used 10106K, committed 10880K, reserved 1048576K
}
Event: 5338.681 GC heap before
{Heap before GC invocations=1911 (full 4):
 PSYoungGen      total 5120K, used 4762K [0x00000000d5580000, 0x00000000d5b80000, 0x0000000100000000)
  eden space 4096K, 100% used [0x00000000d5580000,0x00000000d5980000,0x00000000d5980000)
  from space 1024K, 65% used [0x00000000d5980000,0x00000000d5a26900,0x00000000d5a80000)
  to   space 1024K, 0% used [0x00000000d5a80000,0x00000000d5a80000,0x00000000d5b80000)
 ParOldGen       total 1218048K, used 1217675K [0x0000000080000000, 0x00000000ca580000, 0x00000000d5580000)
  object space 1218048K, 99% used [0x0000000080000000,0x00000000ca522e98,0x00000000ca580000)
 Metaspace       used 95198K, committed 97024K, reserved 1179648K
  class space    used 10106K, committed 10880K, reserved 1048576K
}
Event: 5338.686 GC heap after
{Heap after GC invocations=1911 (full 4):
 PSYoungGen      total 1536K, used 1003K [0x00000000d5580000, 0x00000000d6380000, 0x0000000100000000)
  eden space 512K, 0% used [0x00000000d5580000,0x00000000d5580000,0x00000000d5600000)
  from space 1024K, 98% used [0x00000000d5a80000,0x00000000d5b7af90,0x00000000d5b80000)
  to   space 4608K, 0% used [0x00000000d5600000,0x00000000d5600000,0x00000000d5a80000)
 ParOldGen       total 1221120K, used 1220768K [0x0000000080000000, 0x00000000ca880000, 0x00000000d5580000)
  object space 1221120K, 99% used [0x0000000080000000,0x00000000ca8280a8,0x00000000ca880000)
 Metaspace       used 95198K, committed 97024K, reserved 1179648K
  class space    used 10106K, committed 10880K, reserved 1048576K
}
Event: 5338.687 GC heap before
{Heap before GC invocations=1912 (full 4):
 PSYoungGen      total 1536K, used 1515K [0x00000000d5580000, 0x00000000d6380000, 0x0000000100000000)
  eden space 512K, 99% used [0x00000000d5580000,0x00000000d55fffe0,0x00000000d5600000)
  from space 1024K, 98% used [0x00000000d5a80000,0x00000000d5b7af90,0x00000000d5b80000)
  to   space 4608K, 0% used [0x00000000d5600000,0x00000000d5600000,0x00000000d5a80000)
 ParOldGen       total 1221120K, used 1220768K [0x0000000080000000, 0x00000000ca880000, 0x00000000d5580000)
  object space 1221120K, 99% used [0x0000000080000000,0x00000000ca8280a8,0x00000000ca880000)
 Metaspace       used 95198K, committed 97024K, reserved 1179648K
  class space    used 10106K, committed 10880K, reserved 1048576K
}
Event: 5338.689 GC heap after
{Heap after GC invocations=1912 (full 4):
 PSYoungGen      total 1024K, used 480K [0x00000000d5580000, 0x00000000d5b00000, 0x0000000100000000)
  eden space 512K, 0% used [0x00000000d5580000,0x00000000d5580000,0x00000000d5600000)
  from space 512K, 93% used [0x00000000d5600000,0x00000000d5678000,0x00000000d5680000)
  to   space 2048K, 0% used [0x00000000d5900000,0x00000000d5900000,0x00000000d5b00000)
 ParOldGen       total 1222144K, used 1221836K [0x0000000080000000, 0x00000000ca980000, 0x00000000d5580000)
  object space 1222144K, 99% used [0x0000000080000000,0x00000000ca933038,0x00000000ca980000)
 Metaspace       used 95198K, committed 97024K, reserved 1179648K
  class space    used 10106K, committed 10880K, reserved 1048576K
}
Event: 5338.690 GC heap before
{Heap before GC invocations=1913 (full 4):
 PSYoungGen      total 1024K, used 991K [0x00000000d5580000, 0x00000000d5b00000, 0x0000000100000000)
  eden space 512K, 99% used [0x00000000d5580000,0x00000000d55fffc8,0x00000000d5600000)
  from space 512K, 93% used [0x00000000d5600000,0x00000000d5678000,0x00000000d5680000)
  to   space 2048K, 0% used [0x00000000d5900000,0x00000000d5900000,0x00000000d5b00000)
 ParOldGen       total 1222144K, used 1221836K [0x0000000080000000, 0x00000000ca980000, 0x00000000d5580000)
  object space 1222144K, 99% used [0x0000000080000000,0x00000000ca933038,0x00000000ca980000)
 Metaspace       used 95198K, committed 97024K, reserved 1179648K
  class space    used 10106K, committed 10880K, reserved 1048576K
}
Event: 5338.691 GC heap after
{Heap after GC invocations=1913 (full 4):
 PSYoungGen      total 1536K, used 288K [0x00000000d5580000, 0x00000000d5980000, 0x0000000100000000)
  eden space 1024K, 0% used [0x00000000d5580000,0x00000000d5580000,0x00000000d5680000)
  from space 512K, 56% used [0x00000000d5900000,0x00000000d5948000,0x00000000d5980000)
  to   space 1024K, 0% used [0x00000000d5780000,0x00000000d5780000,0x00000000d5880000)
 ParOldGen       total 1222144K, used 1221988K [0x0000000080000000, 0x00000000ca980000, 0x00000000d5580000)
  object space 1222144K, 99% used [0x0000000080000000,0x00000000ca959038,0x00000000ca980000)
 Metaspace       used 95198K, committed 97024K, reserved 1179648K
  class space    used 10106K, committed 10880K, reserved 1048576K
}
Event: 5338.694 GC heap before
{Heap before GC invocations=1914 (full 4):
 PSYoungGen      total 1536K, used 1312K [0x00000000d5580000, 0x00000000d5980000, 0x0000000100000000)
  eden space 1024K, 100% used [0x00000000d5580000,0x00000000d5680000,0x00000000d5680000)
  from space 512K, 56% used [0x00000000d5900000,0x00000000d5948000,0x00000000d5980000)
  to   space 1024K, 0% used [0x00000000d5780000,0x00000000d5780000,0x00000000d5880000)
 ParOldGen       total 1222144K, used 1221988K [0x0000000080000000, 0x00000000ca980000, 0x00000000d5580000)
  object space 1222144K, 99% used [0x0000000080000000,0x00000000ca959038,0x00000000ca980000)
 Metaspace       used 95198K, committed 97024K, reserved 1179648K
  class space    used 10106K, committed 10880K, reserved 1048576K
}
Event: 5338.696 GC heap after
{Heap after GC invocations=1914 (full 4):
 PSYoungGen      total 2560K, used 464K [0x00000000d5580000, 0x00000000d5980000, 0x0000000100000000)
  eden space 1536K, 0% used [0x00000000d5580000,0x00000000d5580000,0x00000000d5700000)
  from space 1024K, 45% used [0x00000000d5780000,0x00000000d57f4010,0x00000000d5880000)
  to   space 512K, 0% used [0x00000000d5900000,0x00000000d5900000,0x00000000d5980000)
 ParOldGen       total 1222144K, used 1222108K [0x0000000080000000, 0x00000000ca980000, 0x00000000d5580000)
  object space 1222144K, 99% used [0x0000000080000000,0x00000000ca977038,0x00000000ca980000)
 Metaspace       used 95198K, committed 97024K, reserved 1179648K
  class space    used 10106K, committed 10880K, reserved 1048576K
}
Event: 5338.698 GC heap before
{Heap before GC invocations=1915 (full 4):
 PSYoungGen      total 2560K, used 2000K [0x00000000d5580000, 0x00000000d5980000, 0x0000000100000000)
  eden space 1536K, 100% used [0x00000000d5580000,0x00000000d5700000,0x00000000d5700000)
  from space 1024K, 45% used [0x00000000d5780000,0x00000000d57f4010,0x00000000d5880000)
  to   space 512K, 0% used [0x00000000d5900000,0x00000000d5900000,0x00000000d5980000)
 ParOldGen       total 1222144K, used 1222108K [0x0000000080000000, 0x00000000ca980000, 0x00000000d5580000)
  object space 1222144K, 99% used [0x0000000080000000,0x00000000ca977038,0x00000000ca980000)
 Metaspace       used 95198K, committed 97024K, reserved 1179648K
  class space    used 10106K, committed 10880K, reserved 1048576K
}
Event: 5338.700 GC heap after
{Heap after GC invocations=1915 (full 4):
 PSYoungGen      total 2560K, used 506K [0x00000000d5580000, 0x00000000d5980000, 0x0000000100000000)
  eden space 2048K, 0% used [0x00000000d5580000,0x00000000d5580000,0x00000000d5780000)
  from space 512K, 98% used [0x00000000d5900000,0x00000000d597e900,0x00000000d5980000)
  to   space 1024K, 0% used [0x00000000d5780000,0x00000000d5780000,0x00000000d5880000)
 ParOldGen       total 1222656K, used 1222329K [0x0000000080000000, 0x00000000caa00000, 0x00000000d5580000)
  object space 1222656K, 99% used [0x0000000080000000,0x00000000ca9ae538,0x00000000caa00000)
 Metaspace       used 95198K, committed 97024K, reserved 1179648K
  class space    used 10106K, committed 10880K, reserved 1048576K
}
Event: 5338.706 GC heap before
{Heap before GC invocations=1916 (full 4):
 PSYoungGen      total 2560K, used 2554K [0x00000000d5580000, 0x00000000d5980000, 0x0000000100000000)
  eden space 2048K, 100% used [0x00000000d5580000,0x00000000d5780000,0x00000000d5780000)
  from space 512K, 98% used [0x00000000d5900000,0x00000000d597e900,0x00000000d5980000)
  to   space 1024K, 0% used [0x00000000d5780000,0x00000000d5780000,0x00000000d5880000)
 ParOldGen       total 1222656K, used 1222329K [0x0000000080000000, 0x00000000caa00000, 0x00000000d5580000)
  object space 1222656K, 99% used [0x0000000080000000,0x00000000ca9ae538,0x00000000caa00000)
 Metaspace       used 95198K, committed 97024K, reserved 1179648K
  class space    used 10106K, committed 10880K, reserved 1048576K
}
Event: 5338.707 GC heap after
{Heap after GC invocations=1916 (full 4):
 PSYoungGen      total 3072K, used 544K [0x00000000d5580000, 0x00000000d5a00000, 0x0000000100000000)
  eden space 2048K, 0% used [0x00000000d5580000,0x00000000d5580000,0x00000000d5780000)
  from space 1024K, 53% used [0x00000000d5780000,0x00000000d5808000,0x00000000d5880000)
  to   space 1024K, 0% used [0x00000000d5900000,0x00000000d5900000,0x00000000d5a00000)
 ParOldGen       total 1223168K, used 1222685K [0x0000000080000000, 0x00000000caa80000, 0x00000000d5580000)
  object space 1223168K, 99% used [0x0000000080000000,0x00000000caa07748,0x00000000caa80000)
 Metaspace       used 95198K, committed 97024K, reserved 1179648K
  class space    used 10106K, committed 10880K, reserved 1048576K
}
Event: 5338.722 GC heap before
{Heap before GC invocations=1917 (full 4):
 PSYoungGen      total 3072K, used 2592K [0x00000000d5580000, 0x00000000d5a00000, 0x0000000100000000)
  eden space 2048K, 100% used [0x00000000d5580000,0x00000000d5780000,0x00000000d5780000)
  from space 1024K, 53% used [0x00000000d5780000,0x00000000d5808000,0x00000000d5880000)
  to   space 1024K, 0% used [0x00000000d5900000,0x00000000d5900000,0x00000000d5a00000)
 ParOldGen       total 1223168K, used 1222685K [0x0000000080000000, 0x00000000caa80000, 0x00000000d5580000)
  object space 1223168K, 99% used [0x0000000080000000,0x00000000caa07748,0x00000000caa80000)
 Metaspace       used 95199K, committed 97024K, reserved 1179648K
  class space    used 10106K, committed 10880K, reserved 1048576K
}
Event: 5338.723 GC heap after
{Heap after GC invocations=1917 (full 4):
 PSYoungGen      total 3584K, used 544K [0x00000000d5580000, 0x00000000d5a00000, 0x0000000100000000)
  eden space 2560K, 0% used [0x00000000d5580000,0x00000000d5580000,0x00000000d5800000)
  from space 1024K, 53% used [0x00000000d5900000,0x00000000d5988000,0x00000000d5a00000)
  to   space 1024K, 0% used [0x00000000d5800000,0x00000000d5800000,0x00000000d5900000)
 ParOldGen       total 1223168K, used 1223125K [0x0000000080000000, 0x00000000caa80000, 0x00000000d5580000)
  object space 1223168K, 99% used [0x0000000080000000,0x00000000caa75748,0x00000000caa80000)
 Metaspace       used 95199K, committed 97024K, reserved 1179648K
  class space    used 10106K, committed 10880K, reserved 1048576K
}

